[debug] [2026-02-12T23:24:52.838Z] ----------------------------------------------------------------------
[debug] [2026-02-12T23:24:52.842Z] Command:       C:\Program Files\nodejs\node.exe C:\Users\anavatta\AppData\Local\npm-cache\_npx\ba4f1959e38407b5\node_modules\firebase-tools\lib\bin\firebase.js init dataconnect --project enableitalia
[debug] [2026-02-12T23:24:52.843Z] CLI Version:   15.6.0
[debug] [2026-02-12T23:24:52.843Z] Platform:      win32
[debug] [2026-02-12T23:24:52.843Z] Node Version:  v24.4.0
[debug] [2026-02-12T23:24:52.843Z] Time:          Fri Feb 13 2026 00:24:52 GMT+0100 (Ora standard dell’Europa centrale)
[debug] [2026-02-12T23:24:52.844Z] ----------------------------------------------------------------------
[debug] 
[debug] [2026-02-12T23:24:52.846Z] >>> [apiv2][query] GET https://firebase-public.firebaseio.com/cli.json [none]
[info] 
     ######## #### ########  ######## ########     ###     ######  ########
     ##        ##  ##     ## ##       ##     ##  ##   ##  ##       ##
     ######    ##  ########  ######   ########  #########  ######  ######
     ##        ##  ##    ##  ##       ##     ## ##     ##       ## ##
     ##       #### ##     ## ######## ########  ##     ##  ######  ########

You're about to initialize a Firebase project in this directory:

  C:\work\priv\git\enable-spa

Before we get started, keep in mind:

  * You are currently outside your home directory

[debug] [2026-02-12T23:25:35.581Z] <<< [apiv2][status] GET https://firebase-public.firebaseio.com/cli.json 200
[debug] [2026-02-12T23:25:35.581Z] <<< [apiv2][body] GET https://firebase-public.firebaseio.com/cli.json {"cloudBuildErrorAfter":1594252800000,"cloudBuildWarnAfter":1590019200000,"defaultNode10After":1594252800000,"minVersion":"3.0.5","node8DeploysDisabledAfter":1613390400000,"node8RuntimeDisabledAfter":1615809600000,"node8WarnAfter":1600128000000}
